Determining if the pthread_create exist failed with the following output:
Change Dir: /home/peko/tfg_git/code/learning/PCL/trial1/build/CMakeFiles/CMakeTmp

Run Build Command:/usr/bin/make "cmTryCompileExec4032989484/fast"
/usr/bin/make -f CMakeFiles/cmTryCompileExec4032989484.dir/build.make CMakeFiles/cmTryCompileExec4032989484.dir/build
make[1]: Entering directory `/home/peko/tfg_git/code/learning/PCL/trial1/build/CMakeFiles/CMakeTmp'
/usr/bin/cmake -E cmake_progress_report /home/peko/tfg_git/code/learning/PCL/trial1/build/CMakeFiles/CMakeTmp/CMakeFiles 1
Building C object CMakeFiles/cmTryCompileExec4032989484.dir/CheckSymbolExists.c.o
/usr/bin/cc    -o CMakeFiles/cmTryCompileExec4032989484.dir/CheckSymbolExists.c.o   -c /home/peko/tfg_git/code/learning/PCL/trial1/build/CMakeFiles/CMakeTmp/CheckSymbolExists.c
Linking C executable cmTryCompileExec4032989484
/usr/bin/cmake -E cmake_link_script CMakeFiles/cmTryCompileExec4032989484.dir/link.txt --verbose=1
/usr/bin/cc         CMakeFiles/cmTryCompileExec4032989484.dir/CheckSymbolExists.c.o  -o cmTryCompileExec4032989484 -rdynamic 
CMakeFiles/cmTryCompileExec4032989484.dir/CheckSymbolExists.c.o: In function `main':
CheckSymbolExists.c:(.text+0x16): undefined reference to `pthread_create'
collect2: error: ld returned 1 exit status
make[1]: Leaving directory `/home/peko/tfg_git/code/learning/PCL/trial1/build/CMakeFiles/CMakeTmp'
make[1]: *** [cmTryCompileExec4032989484] Error 1
make: *** [cmTryCompileExec4032989484/fast] Error 2

File /home/peko/tfg_git/code/learning/PCL/trial1/build/CMakeFiles/CMakeTmp/CheckSymbolExists.c:
/* */
#include <pthread.h>

int main(int argc, char** argv)
{
  (void)argv;
#ifndef pthread_create
  return ((int*)(&pthread_create))[argc];
#else
  (void)argc;
  return 0;
#endif
}

Determining if the function pthread_create exists in the pthreads failed with the following output:
Change Dir: /home/peko/tfg_git/code/learning/PCL/trial1/build/CMakeFiles/CMakeTmp

Run Build Command:/usr/bin/make "cmTryCompileExec3527291216/fast"
/usr/bin/make -f CMakeFiles/cmTryCompileExec3527291216.dir/build.make CMakeFiles/cmTryCompileExec3527291216.dir/build
make[1]: Entering directory `/home/peko/tfg_git/code/learning/PCL/trial1/build/CMakeFiles/CMakeTmp'
/usr/bin/cmake -E cmake_progress_report /home/peko/tfg_git/code/learning/PCL/trial1/build/CMakeFiles/CMakeTmp/CMakeFiles 1
Building C object CMakeFiles/cmTryCompileExec3527291216.dir/CheckFunctionExists.c.o
/usr/bin/cc   -DCHECK_FUNCTION_EXISTS=pthread_create   -o CMakeFiles/cmTryCompileExec3527291216.dir/CheckFunctionExists.c.o   -c /usr/share/cmake-2.8/Modules/CheckFunctionExists.c
Linking C executable cmTryCompileExec3527291216
/usr/bin/cmake -E cmake_link_script CMakeFiles/cmTryCompileExec3527291216.dir/link.txt --verbose=1
/usr/bin/cc     -DCHECK_FUNCTION_EXISTS=pthread_create    CMakeFiles/cmTryCompileExec3527291216.dir/CheckFunctionExists.c.o  -o cmTryCompileExec3527291216 -rdynamic -lpthreads 
/usr/bin/ld: cannot find -lpthreads
collect2: error: ld returned 1 exit status
make[1]: *** [cmTryCompileExec3527291216] Error 1
make[1]: Leaving directory `/home/peko/tfg_git/code/learning/PCL/trial1/build/CMakeFiles/CMakeTmp'
make: *** [cmTryCompileExec3527291216/fast] Error 2


